<?xml version="1.0" encoding="UTF-8"?>
<testng-results skipped="0" failed="0" ignored="0" total="1" passed="1">
  <reporter-output>
  </reporter-output>
  <suite name="Suite" duration-ms="20230" started-at="2020-03-10T02:17:09Z" finished-at="2020-03-10T02:17:29Z">
    <groups>
      <group name="cucumber">
        <method signature="AbstractTestNGCucumberTests.feature(cucumber.api.testng.CucumberFeatureWrapper)[pri:0, instance:runner.Testrunner@5d624da6]" name="feature" class="cucumber.api.testng.AbstractTestNGCucumberTests"/>
      </group> <!-- cucumber -->
    </groups>
    <test name="Test" duration-ms="20230" started-at="2020-03-10T02:17:09Z" finished-at="2020-03-10T02:17:29Z">
      <class name="runner.Testrunner">
        <test-method status="PASS" signature="setUpClass()[pri:0, instance:runner.Testrunner@5d624da6]" name="setUpClass" is-config="true" duration-ms="201" started-at="2020-03-10T02:17:09Z" finished-at="2020-03-10T02:17:09Z">
          <reporter-output>
          </reporter-output>
        </test-method> <!-- setUpClass -->
        <test-method status="PASS" signature="feature(cucumber.api.testng.CucumberFeatureWrapper)[pri:0, instance:runner.Testrunner@5d624da6]" name="feature" duration-ms="19914" started-at="2020-03-10T02:17:09Z" description="Runs Cucumber Feature" data-provider="features" finished-at="2020-03-10T02:17:29Z">
          <params>
            <param index="0">
              <value>
                <![CDATA[Validate Functionalities of HomePage]]>
              </value>
            </param>
          </params>
          <reporter-output>
          </reporter-output>
        </test-method> <!-- feature -->
        <test-method status="PASS" signature="tearDownClass()[pri:0, instance:runner.Testrunner@5d624da6]" name="tearDownClass" is-config="true" duration-ms="27" started-at="2020-03-10T02:17:29Z" finished-at="2020-03-10T02:17:29Z">
          <reporter-output>
          </reporter-output>
        </test-method> <!-- tearDownClass -->
      </class> <!-- runner.Testrunner -->
    </test> <!-- Test -->
  </suite> <!-- Suite -->
</testng-results>
